<?xml version="1.0" encoding="UTF-8"?>
<!-- Generated by org.testng.reporters.JUnitReportReporter -->
<testsuite hostname="LAPTOP-PR5REPSJ" failures="0" tests="6" name="com.RunnerClass.Grouping" time="0.071" errors="0" timestamp="2024-08-21T15:26:59 IST" skipped="0">
  <testcase classname="com.RunnerClass.Grouping" name="briyani" time="0.058"/>
  <system-out/>
  <testcase classname="com.RunnerClass.Grouping" name="crude" time="0.003"/>
  <system-out/>
  <testcase classname="com.RunnerClass.Grouping" name="lemone" time="0.002"/>
  <system-out/>
  <testcase classname="com.RunnerClass.Grouping" name="fish" time="0.002"/>
  <system-out/>
  <testcase classname="com.RunnerClass.Grouping" name="sambar" time="0.003"/>
  <system-out/>
  <testcase classname="com.RunnerClass.Grouping" name="mutton" time="0.003"/>
  <system-out/>
</testsuite> <!-- com.RunnerClass.Grouping -->
