<?xml version="1.0" encoding="UTF-8"?>
<!-- Generated by org.testng.reporters.JUnitReportReporter -->
<testsuite hostname="LAPTOP-PR5REPSJ" failures="0" tests="3" name="com.RunnerClass.DataProvider" time="22.406" errors="0" timestamp="2024-08-22T22:22:24 IST" skipped="0">
  <testcase classname="com.RunnerClass.DataProvider" name="login" time="9.387"/>
  <system-out/>
  <testcase classname="com.RunnerClass.DataProvider" name="login" time="9.119"/>
  <system-out/>
  <testcase classname="com.RunnerClass.DataProvider" name="login" time="3.900"/>
  <system-out/>
</testsuite> <!-- com.RunnerClass.DataProvider -->
