<?xml version="1.0" encoding="UTF-8"?>
<!-- Generated by org.testng.reporters.JUnitReportReporter -->
<testsuite hostname="LAPTOP-PR5REPSJ" failures="0" tests="1" name="com.RunnerClass.FileUpload" time="29.401" errors="0" timestamp="2024-08-24T22:50:44 IST" skipped="0">
  <testcase classname="com.RunnerClass.FileUpload" name="fileData" time="29.401"/>
  <system-out/>
</testsuite> <!-- com.RunnerClass.FileUpload -->
