<?xml version="1.0" encoding="UTF-8"?>
<!-- Generated by org.testng.reporters.JUnitReportReporter -->
<testsuite hostname="LAPTOP-PR5REPSJ" failures="0" tests="3" name="com.RunnerClass.PriorityClass" time="27.468" errors="0" timestamp="2024-08-19T14:59:09 IST" skipped="0">
  <testcase classname="com.RunnerClass.PriorityClass" name="browser" time="26.958"/>
  <system-out/>
  <testcase classname="com.RunnerClass.PriorityClass" name="search" time="0.182"/>
  <system-out/>
  <testcase classname="com.RunnerClass.PriorityClass" name="close" time="0.328"/>
  <system-out/>
</testsuite> <!-- com.RunnerClass.PriorityClass -->
